{
  "stats": {
    "suites": 1,
    "tests": 3,
    "passes": 3,
    "pending": 0,
    "failures": 0,
    "start": "2021-01-27T23:42:21.165Z",
    "end": "2021-01-27T23:42:24.674Z",
    "duration": 3509,
    "testsRegistered": 3,
    "passPercent": 100,
    "pendingPercent": 0,
    "other": 0,
    "hasOther": false,
    "skipped": 0,
    "hasSkipped": false
  },
  "results": [
    {
      "uuid": "1a5cc64a-c36a-4b58-9a8e-8e7ab4d1d7a3",
      "title": "",
      "fullFile": "",
      "file": "",
      "beforeHooks": [],
      "afterHooks": [],
      "tests": [],
      "suites": [
        {
          "uuid": "2c449e2b-fab1-4a04-82fd-f01cc881b13f",
          "title": "*** API Tests *** ",
          "fullFile": "/Users/pavaninandipati/Desktop/api-supertest-mocha-chai-tests/api-supertest-mocha-tests/test/apiTest.spec.js",
          "file": "/test/apiTest.spec.js",
          "beforeHooks": [],
          "afterHooks": [],
          "tests": [
            {
              "title": "GET Test: 200 - /users",
              "fullTitle": "*** API Tests ***  GET Test: 200 - /users",
              "timedOut": false,
              "duration": 1275,
              "state": "passed",
              "speed": "slow",
              "pass": true,
              "fail": false,
              "pending": false,
              "context": null,
              "code": "var self = this,\n    args = arguments;\nreturn new Promise(function (resolve, reject) {\n  var gen = fn.apply(self, args);\n  function _next(value) {\n    asyncGeneratorStep(gen, resolve, reject, _next, _throw, \"next\", value);\n  }\n  function _throw(err) {\n    asyncGeneratorStep(gen, resolve, reject, _next, _throw, \"throw\", err);\n  }\n  _next(undefined);\n});",
              "err": {},
              "uuid": "8b2f9575-d87f-4d6f-bc5d-b1c1f12caa47",
              "parentUUID": "2c449e2b-fab1-4a04-82fd-f01cc881b13f",
              "isHook": false,
              "skipped": false
            },
            {
              "title": "POST Test: 401 - /users",
              "fullTitle": "*** API Tests ***  POST Test: 401 - /users",
              "timedOut": false,
              "duration": 1114,
              "state": "passed",
              "speed": "slow",
              "pass": true,
              "fail": false,
              "pending": false,
              "context": null,
              "code": "var self = this,\n    args = arguments;\nreturn new Promise(function (resolve, reject) {\n  var gen = fn.apply(self, args);\n  function _next(value) {\n    asyncGeneratorStep(gen, resolve, reject, _next, _throw, \"next\", value);\n  }\n  function _throw(err) {\n    asyncGeneratorStep(gen, resolve, reject, _next, _throw, \"throw\", err);\n  }\n  _next(undefined);\n});",
              "err": {},
              "uuid": "4528b5f2-8f32-4324-b9b4-e59d71e56bbd",
              "parentUUID": "2c449e2b-fab1-4a04-82fd-f01cc881b13f",
              "isHook": false,
              "skipped": false
            },
            {
              "title": "GET Test: 304 - /users",
              "fullTitle": "*** API Tests ***  GET Test: 304 - /users",
              "timedOut": false,
              "duration": 1108,
              "state": "passed",
              "speed": "slow",
              "pass": true,
              "fail": false,
              "pending": false,
              "context": null,
              "code": "var self = this,\n    args = arguments;\nreturn new Promise(function (resolve, reject) {\n  var gen = fn.apply(self, args);\n  function _next(value) {\n    asyncGeneratorStep(gen, resolve, reject, _next, _throw, \"next\", value);\n  }\n  function _throw(err) {\n    asyncGeneratorStep(gen, resolve, reject, _next, _throw, \"throw\", err);\n  }\n  _next(undefined);\n});",
              "err": {},
              "uuid": "e63d1db9-403e-4c43-9417-6eddc993ed54",
              "parentUUID": "2c449e2b-fab1-4a04-82fd-f01cc881b13f",
              "isHook": false,
              "skipped": false
            }
          ],
          "suites": [],
          "passes": [
            "8b2f9575-d87f-4d6f-bc5d-b1c1f12caa47",
            "4528b5f2-8f32-4324-b9b4-e59d71e56bbd",
            "e63d1db9-403e-4c43-9417-6eddc993ed54"
          ],
          "failures": [],
          "pending": [],
          "skipped": [],
          "duration": 3497,
          "root": false,
          "rootEmpty": false,
          "_timeout": 2000
        }
      ],
      "passes": [],
      "failures": [],
      "pending": [],
      "skipped": [],
      "duration": 0,
      "root": true,
      "rootEmpty": true,
      "_timeout": 2000
    }
  ],
  "meta": {
    "mocha": {
      "version": "8.2.1"
    },
    "mochawesome": {
      "options": {
        "quiet": false,
        "reportFilename": "mochawesome",
        "saveHtml": true,
        "saveJson": true,
        "consoleReporter": "spec",
        "useInlineDiffs": false,
        "code": true
      },
      "version": "6.2.1"
    },
    "marge": {
      "options": null,
      "version": "5.1.0"
    }
  }
}